[
  ':"Rfontt ',
  'Rfontt ',
  index: 26,
  input: '{"id":1664570707568,"name":"Rfontt - 1"}',
  groups: [Object: null prototype] { name: 'Rfontt ' }
]
[
  ':"Rfontt ',
  'Rfontt ',
  index: 26,
  input: '{"id":1664570707570,"name":"Rfontt - 2"}',
  groups: [Object: null prototype] { name: 'Rfontt ' }
]
[
  ':"Rfontt ',
  'Rfontt ',
  index: 26,
  input: '{"id":1664570707571,"name":"Rfontt - 3"}',
  groups: [Object: null prototype] { name: 'Rfontt ' }
]
[
  ':"Liam ',
  'Liam ',
  index: 26,
  input: '{"id":1664570707568,"name":"Liam - 1"}',
  groups: [Object: null prototype] { name: 'Liam ' }
]
[
  ':"Liam ',
  'Liam ',
  index: 26,
  input: '{"id":1664570707570,"name":"Liam - 2"}',
  groups: [Object: null prototype] { name: 'Liam ' }
]
[
  ':"Liam ',
  'Liam ',
  index: 26,
  input: '{"id":1664570707571,"name":"Liam - 3"}',
  groups: [Object: null prototype] { name: 'Liam ' }
]
[
  ':"Rfontt ',
  'Rfontt ',
  index: 26,
  input: '{"id":1664570707573,"name":"Rfontt - 4"}',
  groups: [Object: null prototype] { name: 'Rfontt ' }
]
[
  ':"Rfontt ',
  'Rfontt ',
  index: 26,
  input: '{"id":1664570707575,"name":"Rfontt - 5"}',
  groups: [Object: null prototype] { name: 'Rfontt ' }
]
[
  ':"Rfontt ',
  'Rfontt ',
  index: 26,
  input: '{"id":1664570707576,"name":"Rfontt - 6"}',
  groups: [Object: null prototype] { name: 'Rfontt ' }
]
[
  ':"Rfontt ',
  'Rfontt ',
  index: 26,
  input: '{"id":1664570707577,"name":"Rfontt - 7"}',
  groups: [Object: null prototype] { name: 'Rfontt ' }
]
[
  ':"Rfontt ',
  'Rfontt ',
  index: 26,
  input: '{"id":1664570707579,"name":"Rfontt - 8"}',
  groups: [Object: null prototype] { name: 'Rfontt ' }
]
[
  ':"Rfontt ',
  'Rfontt ',
  index: 26,
  input: '{"id":1664570707580,"name":"Rfontt - 9"}',
  groups: [Object: null prototype] { name: 'Rfontt ' }
]
[
  ':"Rfontt ',
  'Rfontt ',
  index: 26,
  input: '{"id":1664570707581,"name":"Rfontt - 10"}',
  groups: [Object: null prototype] { name: 'Rfontt ' }
]
[
  ':"Rfontt ',
  'Rfontt ',
  index: 26,
  input: '{"id":1664570707582,"name":"Rfontt - 11"}',
  groups: [Object: null prototype] { name: 'Rfontt ' }
]
[
  ':"Rfontt ',
  'Rfontt ',
  index: 26,
  input: '{"id":1664570707583,"name":"Rfontt - 12"}',
  groups: [Object: null prototype] { name: 'Rfontt ' }
]
[
  ':"Rfontt ',
  'Rfontt ',
  index: 26,
  input: '{"id":1664570707584,"name":"Rfontt - 13"}',
  groups: [Object: null prototype] { name: 'Rfontt ' }
]
[
  ':"Rfontt ',
  'Rfontt ',
  index: 26,
  input: '{"id":1664570707586,"name":"Rfontt - 14"}',
  groups: [Object: null prototype] { name: 'Rfontt ' }
]
[
  ':"Rfontt ',
  'Rfontt ',
  index: 26,
  input: '{"id":1664570707587,"name":"Rfontt - 15"}',
  groups: [Object: null prototype] { name: 'Rfontt ' }
]
[
  ':"Rfontt ',
  'Rfontt ',
  index: 26,
  input: '{"id":1664570707588,"name":"Rfontt - 16"}',
  groups: [Object: null prototype] { name: 'Rfontt ' }
]
[
  ':"Rfontt ',
  'Rfontt ',
  index: 26,
  input: '{"id":1664570707590,"name":"Rfontt - 17"}',
  groups: [Object: null prototype] { name: 'Rfontt ' }
]
[
  ':"Liam ',
  'Liam ',
  index: 26,
  input: '{"id":1664570707574,"name":"Liam - 4"}',
  groups: [Object: null prototype] { name: 'Liam ' }
]
[
  ':"Liam ',
  'Liam ',
  index: 26,
  input: '{"id":1664570707575,"name":"Liam - 5"}',
  groups: [Object: null prototype] { name: 'Liam ' }
]
[
  ':"Liam ',
  'Liam ',
  index: 26,
  input: '{"id":1664570707576,"name":"Liam - 6"}',
  groups: [Object: null prototype] { name: 'Liam ' }
]
[
  ':"Liam ',
  'Liam ',
  index: 26,
  input: '{"id":1664570707577,"name":"Liam - 7"}',
  groups: [Object: null prototype] { name: 'Liam ' }
]
[
  ':"Liam ',
  'Liam ',
  index: 26,
  input: '{"id":1664570707580,"name":"Liam - 8"}',
  groups: [Object: null prototype] { name: 'Liam ' }
]
[
  ':"Liam ',
  'Liam ',
  index: 26,
  input: '{"id":1664570707581,"name":"Liam - 9"}',
  groups: [Object: null prototype] { name: 'Liam ' }
]
[
  ':"Liam ',
  'Liam ',
  index: 26,
  input: '{"id":1664570707582,"name":"Liam - 10"}',
  groups: [Object: null prototype] { name: 'Liam ' }
]
[
  ':"Liam ',
  'Liam ',
  index: 26,
  input: '{"id":1664570707583,"name":"Liam - 11"}',
  groups: [Object: null prototype] { name: 'Liam ' }
]
[
  ':"Liam ',
  'Liam ',
  index: 26,
  input: '{"id":1664570707584,"name":"Liam - 12"}',
  groups: [Object: null prototype] { name: 'Liam ' }
]
[
  ':"Liam ',
  'Liam ',
  index: 26,
  input: '{"id":1664570707585,"name":"Liam - 13"}',
  groups: [Object: null prototype] { name: 'Liam ' }
]
[
  ':"Liam ',
  'Liam ',
  index: 26,
  input: '{"id":1664570707586,"name":"Liam - 14"}',
  groups: [Object: null prototype] { name: 'Liam ' }
]
[
  ':"Liam ',
  'Liam ',
  index: 26,
  input: '{"id":1664570707587,"name":"Liam - 15"}',
  groups: [Object: null prototype] { name: 'Liam ' }
]
[
  ':"Liam ',
  'Liam ',
  index: 26,
  input: '{"id":1664570707590,"name":"Liam - 16"}',
  groups: [Object: null prototype] { name: 'Liam ' }
]
[
  ':"Liam ',
  'Liam ',
  index: 26,
  input: '{"id":1664570707591,"name":"Liam - 17"}',
  groups: [Object: null prototype] { name: 'Liam ' }
]
[
  ':"Rfontt ',
  'Rfontt ',
  index: 26,
  input: '{"id":1664570707591,"name":"Rfontt - 18"}',
  groups: [Object: null prototype] { name: 'Rfontt ' }
]
[
  ':"Rfontt ',
  'Rfontt ',
  index: 26,
  input: '{"id":1664570707592,"name":"Rfontt - 19"}',
  groups: [Object: null prototype] { name: 'Rfontt ' }
]
[
  ':"Rfontt ',
  'Rfontt ',
  index: 26,
  input: '{"id":1664570707593,"name":"Rfontt - 20"}',
  groups: [Object: null prototype] { name: 'Rfontt ' }
]
[
  ':"Rfontt ',
  'Rfontt ',
  index: 26,
  input: '{"id":1664570707594,"name":"Rfontt - 21"}',
  groups: [Object: null prototype] { name: 'Rfontt ' }
]
[
  ':"Rfontt ',
  'Rfontt ',
  index: 26,
  input: '{"id":1664570707595,"name":"Rfontt - 22"}',
  groups: [Object: null prototype] { name: 'Rfontt ' }
]
[
  ':"Rfontt ',
  'Rfontt ',
  index: 26,
  input: '{"id":1664570707596,"name":"Rfontt - 23"}',
  groups: [Object: null prototype] { name: 'Rfontt ' }
]
[
  ':"Rfontt ',
  'Rfontt ',
  index: 26,
  input: '{"id":1664570707597,"name":"Rfontt - 24"}',
  groups: [Object: null prototype] { name: 'Rfontt ' }
]
[
  ':"Rfontt ',
  'Rfontt ',
  index: 26,
  input: '{"id":1664570707598,"name":"Rfontt - 25"}',
  groups: [Object: null prototype] { name: 'Rfontt ' }
]
[
  ':"Rfontt ',
  'Rfontt ',
  index: 26,
  input: '{"id":1664570707600,"name":"Rfontt - 26"}',
  groups: [Object: null prototype] { name: 'Rfontt ' }
]
[
  ':"Rfontt ',
  'Rfontt ',
  index: 26,
  input: '{"id":1664570707601,"name":"Rfontt - 27"}',
  groups: [Object: null prototype] { name: 'Rfontt ' }
]
[
  ':"Rfontt ',
  'Rfontt ',
  index: 26,
  input: '{"id":1664570707602,"name":"Rfontt - 28"}',
  groups: [Object: null prototype] { name: 'Rfontt ' }
]
[
  ':"Rfontt ',
  'Rfontt ',
  index: 26,
  input: '{"id":1664570707603,"name":"Rfontt - 29"}',
  groups: [Object: null prototype] { name: 'Rfontt ' }
]
[
  ':"Rfontt ',
  'Rfontt ',
  index: 26,
  input: '{"id":1664570707604,"name":"Rfontt - 30"}',
  groups: [Object: null prototype] { name: 'Rfontt ' }
]
[
  ':"Rfontt ',
  'Rfontt ',
  index: 26,
  input: '{"id":1664570707605,"name":"Rfontt - 31"}',
  groups: [Object: null prototype] { name: 'Rfontt ' }
]
[
  ':"Rfontt ',
  'Rfontt ',
  index: 26,
  input: '{"id":1664570707607,"name":"Rfontt - 32"}',
  groups: [Object: null prototype] { name: 'Rfontt ' }
]
[
  ':"Rfontt ',
  'Rfontt ',
  index: 26,
  input: '{"id":1664570707608,"name":"Rfontt - 33"}',
  groups: [Object: null prototype] { name: 'Rfontt ' }
]
[
  ':"Rfontt ',
  'Rfontt ',
  index: 26,
  input: '{"id":1664570707609,"name":"Rfontt - 34"}',
  groups: [Object: null prototype] { name: 'Rfontt ' }
]
[
  ':"Rfontt ',
  'Rfontt ',
  index: 26,
  input: '{"id":1664570707611,"name":"Rfontt - 35"}',
  groups: [Object: null prototype] { name: 'Rfontt ' }
]
[
  ':"Rfontt ',
  'Rfontt ',
  index: 26,
  input: '{"id":1664570707612,"name":"Rfontt - 36"}',
  groups: [Object: null prototype] { name: 'Rfontt ' }
]
[
  ':"Rfontt ',
  'Rfontt ',
  index: 26,
  input: '{"id":1664570707613,"name":"Rfontt - 37"}',
  groups: [Object: null prototype] { name: 'Rfontt ' }
]
[
  ':"Rfontt ',
  'Rfontt ',
  index: 26,
  input: '{"id":1664570707614,"name":"Rfontt - 38"}',
  groups: [Object: null prototype] { name: 'Rfontt ' }
]
[
  ':"Rfontt ',
  'Rfontt ',
  index: 26,
  input: '{"id":1664570707615,"name":"Rfontt - 39"}',
  groups: [Object: null prototype] { name: 'Rfontt ' }
]
[
  ':"Rfontt ',
  'Rfontt ',
  index: 26,
  input: '{"id":1664570707616,"name":"Rfontt - 40"}',
  groups: [Object: null prototype] { name: 'Rfontt ' }
]
[
  ':"Liam ',
  'Liam ',
  index: 26,
  input: '{"id":1664570707592,"name":"Liam - 18"}',
  groups: [Object: null prototype] { name: 'Liam ' }
]
[
  ':"Liam ',
  'Liam ',
  index: 26,
  input: '{"id":1664570707594,"name":"Liam - 19"}',
  groups: [Object: null prototype] { name: 'Liam ' }
]
[
  ':"Liam ',
  'Liam ',
  index: 26,
  input: '{"id":1664570707595,"name":"Liam - 20"}',
  groups: [Object: null prototype] { name: 'Liam ' }
]
[
  ':"Liam ',
  'Liam ',
  index: 26,
  input: '{"id":1664570707596,"name":"Liam - 21"}',
  groups: [Object: null prototype] { name: 'Liam ' }
]
[
  ':"Liam ',
  'Liam ',
  index: 26,
  input: '{"id":1664570707597,"name":"Liam - 22"}',
  groups: [Object: null prototype] { name: 'Liam ' }
]
[
  ':"Liam ',
  'Liam ',
  index: 26,
  input: '{"id":1664570707598,"name":"Liam - 23"}',
  groups: [Object: null prototype] { name: 'Liam ' }
]
[
  ':"Liam ',
  'Liam ',
  index: 26,
  input: '{"id":1664570707599,"name":"Liam - 24"}',
  groups: [Object: null prototype] { name: 'Liam ' }
]
[
  ':"Liam ',
  'Liam ',
  index: 26,
  input: '{"id":1664570707600,"name":"Liam - 25"}',
  groups: [Object: null prototype] { name: 'Liam ' }
]
[
  ':"Liam ',
  'Liam ',
  index: 26,
  input: '{"id":1664570707601,"name":"Liam - 26"}',
  groups: [Object: null prototype] { name: 'Liam ' }
]
[
  ':"Liam ',
  'Liam ',
  index: 26,
  input: '{"id":1664570707602,"name":"Liam - 27"}',
  groups: [Object: null prototype] { name: 'Liam ' }
]
[
  ':"Liam ',
  'Liam ',
  index: 26,
  input: '{"id":1664570707603,"name":"Liam - 28"}',
  groups: [Object: null prototype] { name: 'Liam ' }
]
[
  ':"Liam ',
  'Liam ',
  index: 26,
  input: '{"id":1664570707604,"name":"Liam - 29"}',
  groups: [Object: null prototype] { name: 'Liam ' }
]
[
  ':"Liam ',
  'Liam ',
  index: 26,
  input: '{"id":1664570707605,"name":"Liam - 30"}',
  groups: [Object: null prototype] { name: 'Liam ' }
]
[
  ':"Liam ',
  'Liam ',
  index: 26,
  input: '{"id":1664570707606,"name":"Liam - 31"}',
  groups: [Object: null prototype] { name: 'Liam ' }
]
[
  ':"Liam ',
  'Liam ',
  index: 26,
  input: '{"id":1664570707609,"name":"Liam - 32"}',
  groups: [Object: null prototype] { name: 'Liam ' }
]
[
  ':"Liam ',
  'Liam ',
  index: 26,
  input: '{"id":1664570707610,"name":"Liam - 33"}',
  groups: [Object: null prototype] { name: 'Liam ' }
]
[
  ':"Liam ',
  'Liam ',
  index: 26,
  input: '{"id":1664570707611,"name":"Liam - 34"}',
  groups: [Object: null prototype] { name: 'Liam ' }
]
[
  ':"Liam ',
  'Liam ',
  index: 26,
  input: '{"id":1664570707613,"name":"Liam - 35"}',
  groups: [Object: null prototype] { name: 'Liam ' }
]
[
  ':"Liam ',
  'Liam ',
  index: 26,
  input: '{"id":1664570707614,"name":"Liam - 36"}',
  groups: [Object: null prototype] { name: 'Liam ' }
]
[
  ':"Liam ',
  'Liam ',
  index: 26,
  input: '{"id":1664570707615,"name":"Liam - 37"}',
  groups: [Object: null prototype] { name: 'Liam ' }
]
[
  ':"Liam ',
  'Liam ',
  index: 26,
  input: '{"id":1664570707616,"name":"Liam - 38"}',
  groups: [Object: null prototype] { name: 'Liam ' }
]
[
  ':"Liam ',
  'Liam ',
  index: 26,
  input: '{"id":1664570707617,"name":"Liam - 39"}',
  groups: [Object: null prototype] { name: 'Liam ' }
]
[
  ':"Liam ',
  'Liam ',
  index: 26,
  input: '{"id":1664570707618,"name":"Liam - 40"}',
  groups: [Object: null prototype] { name: 'Liam ' }
]
[
  ':"Liam ',
  'Liam ',
  index: 26,
  input: '{"id":1664570707619,"name":"Liam - 41"}',
  groups: [Object: null prototype] { name: 'Liam ' }
]
[
  ':"Liam ',
  'Liam ',
  index: 26,
  input: '{"id":1664570707620,"name":"Liam - 42"}',
  groups: [Object: null prototype] { name: 'Liam ' }
]
[
  ':"Liam ',
  'Liam ',
  index: 26,
  input: '{"id":1664570707621,"name":"Liam - 43"}',
  groups: [Object: null prototype] { name: 'Liam ' }
]
[
  ':"Liam ',
  'Liam ',
  index: 26,
  input: '{"id":1664570707622,"name":"Liam - 44"}',
  groups: [Object: null prototype] { name: 'Liam ' }
]
[
  ':"Liam ',
  'Liam ',
  index: 26,
  input: '{"id":1664570707623,"name":"Liam - 45"}',
  groups: [Object: null prototype] { name: 'Liam ' }
]
[
  ':"Liam ',
  'Liam ',
  index: 26,
  input: '{"id":1664570707624,"name":"Liam - 46"}',
  groups: [Object: null prototype] { name: 'Liam ' }
]
[
  ':"Liam ',
  'Liam ',
  index: 26,
  input: '{"id":1664570707625,"name":"Liam - 47"}',
  groups: [Object: null prototype] { name: 'Liam ' }
]
[
  ':"Liam ',
  'Liam ',
  index: 26,
  input: '{"id":1664570707626,"name":"Liam - 48"}',
  groups: [Object: null prototype] { name: 'Liam ' }
]
[
  ':"Liam ',
  'Liam ',
  index: 26,
  input: '{"id":1664570707627,"name":"Liam - 49"}',
  groups: [Object: null prototype] { name: 'Liam ' }
]
[
  ':"Liam ',
  'Liam ',
  index: 26,
  input: '{"id":1664570707629,"name":"Liam - 50"}',
  groups: [Object: null prototype] { name: 'Liam ' }
]
[
  ':"Liam ',
  'Liam ',
  index: 26,
  input: '{"id":1664570707630,"name":"Liam - 51"}',
  groups: [Object: null prototype] { name: 'Liam ' }
]
[
  ':"Liam ',
  'Liam ',
  index: 26,
  input: '{"id":1664570707631,"name":"Liam - 52"}',
  groups: [Object: null prototype] { name: 'Liam ' }
]
[
  ':"Liam ',
  'Liam ',
  index: 26,
  input: '{"id":1664570707632,"name":"Liam - 53"}',
  groups: [Object: null prototype] { name: 'Liam ' }
]
[
  ':"Liam ',
  'Liam ',
  index: 26,
  input: '{"id":1664570707633,"name":"Liam - 54"}',
  groups: [Object: null prototype] { name: 'Liam ' }
]
[
  ':"Liam ',
  'Liam ',
  index: 26,
  input: '{"id":1664570707634,"name":"Liam - 55"}',
  groups: [Object: null prototype] { name: 'Liam ' }
]
[
  ':"Liam ',
  'Liam ',
  index: 26,
  input: '{"id":1664570707635,"name":"Liam - 56"}',
  groups: [Object: null prototype] { name: 'Liam ' }
]
[
  ':"Liam ',
  'Liam ',
  index: 26,
  input: '{"id":1664570707636,"name":"Liam - 57"}',
  groups: [Object: null prototype] { name: 'Liam ' }
]
[
  ':"Liam ',
  'Liam ',
  index: 26,
  input: '{"id":1664570707637,"name":"Liam - 58"}',
  groups: [Object: null prototype] { name: 'Liam ' }
]
[
  ':"Liam ',
  'Liam ',
  index: 26,
  input: '{"id":1664570707638,"name":"Liam - 59"}',
  groups: [Object: null prototype] { name: 'Liam ' }
]
[
  ':"Liam ',
  'Liam ',
  index: 26,
  input: '{"id":1664570707639,"name":"Liam - 60"}',
  groups: [Object: null prototype] { name: 'Liam ' }
]
[
  ':"Rfontt ',
  'Rfontt ',
  index: 26,
  input: '{"id":1664570707617,"name":"Rfontt - 41"}',
  groups: [Object: null prototype] { name: 'Rfontt ' }
]
[
  ':"Rfontt ',
  'Rfontt ',
  index: 26,
  input: '{"id":1664570707618,"name":"Rfontt - 42"}',
  groups: [Object: null prototype] { name: 'Rfontt ' }
]
[
  ':"Rfontt ',
  'Rfontt ',
  index: 26,
  input: '{"id":1664570707619,"name":"Rfontt - 43"}',
  groups: [Object: null prototype] { name: 'Rfontt ' }
]
[
  ':"Rfontt ',
  'Rfontt ',
  index: 26,
  input: '{"id":1664570707620,"name":"Rfontt - 44"}',
  groups: [Object: null prototype] { name: 'Rfontt ' }
]
[
  ':"Rfontt ',
  'Rfontt ',
  index: 26,
  input: '{"id":1664570707621,"name":"Rfontt - 45"}',
  groups: [Object: null prototype] { name: 'Rfontt ' }
]
[
  ':"Rfontt ',
  'Rfontt ',
  index: 26,
  input: '{"id":1664570707622,"name":"Rfontt - 46"}',
  groups: [Object: null prototype] { name: 'Rfontt ' }
]
[
  ':"Rfontt ',
  'Rfontt ',
  index: 26,
  input: '{"id":1664570707623,"name":"Rfontt - 47"}',
  groups: [Object: null prototype] { name: 'Rfontt ' }
]
[
  ':"Rfontt ',
  'Rfontt ',
  index: 26,
  input: '{"id":1664570707624,"name":"Rfontt - 48"}',
  groups: [Object: null prototype] { name: 'Rfontt ' }
]
[
  ':"Rfontt ',
  'Rfontt ',
  index: 26,
  input: '{"id":1664570707625,"name":"Rfontt - 49"}',
  groups: [Object: null prototype] { name: 'Rfontt ' }
]
[
  ':"Rfontt ',
  'Rfontt ',
  index: 26,
  input: '{"id":1664570707626,"name":"Rfontt - 50"}',
  groups: [Object: null prototype] { name: 'Rfontt ' }
]
[
  ':"Rfontt ',
  'Rfontt ',
  index: 26,
  input: '{"id":1664570707627,"name":"Rfontt - 51"}',
  groups: [Object: null prototype] { name: 'Rfontt ' }
]
[
  ':"Rfontt ',
  'Rfontt ',
  index: 26,
  input: '{"id":1664570707629,"name":"Rfontt - 52"}',
  groups: [Object: null prototype] { name: 'Rfontt ' }
]
[
  ':"Rfontt ',
  'Rfontt ',
  index: 26,
  input: '{"id":1664570707630,"name":"Rfontt - 53"}',
  groups: [Object: null prototype] { name: 'Rfontt ' }
]
[
  ':"Rfontt ',
  'Rfontt ',
  index: 26,
  input: '{"id":1664570707631,"name":"Rfontt - 54"}',
  groups: [Object: null prototype] { name: 'Rfontt ' }
]
[
  ':"Rfontt ',
  'Rfontt ',
  index: 26,
  input: '{"id":1664570707632,"name":"Rfontt - 55"}',
  groups: [Object: null prototype] { name: 'Rfontt ' }
]
[
  ':"Rfontt ',
  'Rfontt ',
  index: 26,
  input: '{"id":1664570707633,"name":"Rfontt - 56"}',
  groups: [Object: null prototype] { name: 'Rfontt ' }
]
[
  ':"Rfontt ',
  'Rfontt ',
  index: 26,
  input: '{"id":1664570707634,"name":"Rfontt - 57"}',
  groups: [Object: null prototype] { name: 'Rfontt ' }
]
[
  ':"Rfontt ',
  'Rfontt ',
  index: 26,
  input: '{"id":1664570707635,"name":"Rfontt - 58"}',
  groups: [Object: null prototype] { name: 'Rfontt ' }
]
[
  ':"Rfontt ',
  'Rfontt ',
  index: 26,
  input: '{"id":1664570707636,"name":"Rfontt - 59"}',
  groups: [Object: null prototype] { name: 'Rfontt ' }
]
[
  ':"Rfontt ',
  'Rfontt ',
  index: 26,
  input: '{"id":1664570707637,"name":"Rfontt - 60"}',
  groups: [Object: null prototype] { name: 'Rfontt ' }
]
[
  ':"Rfontt ',
  'Rfontt ',
  index: 26,
  input: '{"id":1664570707638,"name":"Rfontt - 61"}',
  groups: [Object: null prototype] { name: 'Rfontt ' }
]
[
  ':"Rfontt ',
  'Rfontt ',
  index: 26,
  input: '{"id":1664570707639,"name":"Rfontt - 62"}',
  groups: [Object: null prototype] { name: 'Rfontt ' }
]
[
  ':"Rfontt ',
  'Rfontt ',
  index: 26,
  input: '{"id":1664570707640,"name":"Rfontt - 63"}',
  groups: [Object: null prototype] { name: 'Rfontt ' }
]
[
  ':"Rfontt ',
  'Rfontt ',
  index: 26,
  input: '{"id":1664570707644,"name":"Rfontt - 64"}',
  groups: [Object: null prototype] { name: 'Rfontt ' }
]
[
  ':"Rfontt ',
  'Rfontt ',
  index: 26,
  input: '{"id":1664570707646,"name":"Rfontt - 65"}',
  groups: [Object: null prototype] { name: 'Rfontt ' }
]
[
  ':"Rfontt ',
  'Rfontt ',
  index: 26,
  input: '{"id":1664570707647,"name":"Rfontt - 66"}',
  groups: [Object: null prototype] { name: 'Rfontt ' }
]
[
  ':"Rfontt ',
  'Rfontt ',
  index: 26,
  input: '{"id":1664570707648,"name":"Rfontt - 67"}',
  groups: [Object: null prototype] { name: 'Rfontt ' }
]
[
  ':"Rfontt ',
  'Rfontt ',
  index: 26,
  input: '{"id":1664570707650,"name":"Rfontt - 68"}',
  groups: [Object: null prototype] { name: 'Rfontt ' }
]
[
  ':"Rfontt ',
  'Rfontt ',
  index: 26,
  input: '{"id":1664570707651,"name":"Rfontt - 69"}',
  groups: [Object: null prototype] { name: 'Rfontt ' }
]
[
  ':"Rfontt ',
  'Rfontt ',
  index: 26,
  input: '{"id":1664570707652,"name":"Rfontt - 70"}',
  groups: [Object: null prototype] { name: 'Rfontt ' }
]
[
  ':"Rfontt ',
  'Rfontt ',
  index: 26,
  input: '{"id":1664570707653,"name":"Rfontt - 71"}',
  groups: [Object: null prototype] { name: 'Rfontt ' }
]
[
  ':"Rfontt ',
  'Rfontt ',
  index: 26,
  input: '{"id":1664570707654,"name":"Rfontt - 72"}',
  groups: [Object: null prototype] { name: 'Rfontt ' }
]
[
  ':"Rfontt ',
  'Rfontt ',
  index: 26,
  input: '{"id":1664570707655,"name":"Rfontt - 73"}',
  groups: [Object: null prototype] { name: 'Rfontt ' }
]
[
  ':"Rfontt ',
  'Rfontt ',
  index: 26,
  input: '{"id":1664570707657,"name":"Rfontt - 74"}',
  groups: [Object: null prototype] { name: 'Rfontt ' }
]
[
  ':"Rfontt ',
  'Rfontt ',
  index: 26,
  input: '{"id":1664570707658,"name":"Rfontt - 75"}',
  groups: [Object: null prototype] { name: 'Rfontt ' }
]
[
  ':"Rfontt ',
  'Rfontt ',
  index: 26,
  input: '{"id":1664570707659,"name":"Rfontt - 76"}',
  groups: [Object: null prototype] { name: 'Rfontt ' }
]
[
  ':"Rfontt ',
  'Rfontt ',
  index: 26,
  input: '{"id":1664570707660,"name":"Rfontt - 77"}',
  groups: [Object: null prototype] { name: 'Rfontt ' }
]
[
  ':"Rfontt ',
  'Rfontt ',
  index: 26,
  input: '{"id":1664570707661,"name":"Rfontt - 78"}',
  groups: [Object: null prototype] { name: 'Rfontt ' }
]
[
  ':"Rfontt ',
  'Rfontt ',
  index: 26,
  input: '{"id":1664570707662,"name":"Rfontt - 79"}',
  groups: [Object: null prototype] { name: 'Rfontt ' }
]
[
  ':"Rfontt ',
  'Rfontt ',
  index: 26,
  input: '{"id":1664570707663,"name":"Rfontt - 80"}',
  groups: [Object: null prototype] { name: 'Rfontt ' }
]
[
  ':"Rfontt ',
  'Rfontt ',
  index: 26,
  input: '{"id":1664570707664,"name":"Rfontt - 81"}',
  groups: [Object: null prototype] { name: 'Rfontt ' }
]
[
  ':"Rfontt ',
  'Rfontt ',
  index: 26,
  input: '{"id":1664570707665,"name":"Rfontt - 82"}',
  groups: [Object: null prototype] { name: 'Rfontt ' }
]
[
  ':"Rfontt ',
  'Rfontt ',
  index: 26,
  input: '{"id":1664570707666,"name":"Rfontt - 83"}',
  groups: [Object: null prototype] { name: 'Rfontt ' }
]
[
  ':"Rfontt ',
  'Rfontt ',
  index: 26,
  input: '{"id":1664570707667,"name":"Rfontt - 84"}',
  groups: [Object: null prototype] { name: 'Rfontt ' }
]
[
  ':"Rfontt ',
  'Rfontt ',
  index: 26,
  input: '{"id":1664570707668,"name":"Rfontt - 85"}',
  groups: [Object: null prototype] { name: 'Rfontt ' }
]
[
  ':"Rfontt ',
  'Rfontt ',
  index: 26,
  input: '{"id":1664570707669,"name":"Rfontt - 86"}',
  groups: [Object: null prototype] { name: 'Rfontt ' }
]
[
  ':"Rfontt ',
  'Rfontt ',
  index: 26,
  input: '{"id":1664570707671,"name":"Rfontt - 87"}',
  groups: [Object: null prototype] { name: 'Rfontt ' }
]
[
  ':"Rfontt ',
  'Rfontt ',
  index: 26,
  input: '{"id":1664570707672,"name":"Rfontt - 88"}',
  groups: [Object: null prototype] { name: 'Rfontt ' }
]
[
  ':"Rfontt ',
  'Rfontt ',
  index: 26,
  input: '{"id":1664570707673,"name":"Rfontt - 89"}',
  groups: [Object: null prototype] { name: 'Rfontt ' }
]
[
  ':"Rfontt ',
  'Rfontt ',
  index: 26,
  input: '{"id":1664570707674,"name":"Rfontt - 90"}',
  groups: [Object: null prototype] { name: 'Rfontt ' }
]
[
  ':"Rfontt ',
  'Rfontt ',
  index: 26,
  input: '{"id":1664570707675,"name":"Rfontt - 91"}',
  groups: [Object: null prototype] { name: 'Rfontt ' }
]
[
  ':"Liam ',
  'Liam ',
  index: 26,
  input: '{"id":1664570707641,"name":"Liam - 61"}',
  groups: [Object: null prototype] { name: 'Liam ' }
]
[
  ':"Liam ',
  'Liam ',
  index: 26,
  input: '{"id":1664570707642,"name":"Liam - 62"}',
  groups: [Object: null prototype] { name: 'Liam ' }
]
[
  ':"Liam ',
  'Liam ',
  index: 26,
  input: '{"id":1664570707643,"name":"Liam - 63"}',
  groups: [Object: null prototype] { name: 'Liam ' }
]
[
  ':"Liam ',
  'Liam ',
  index: 26,
  input: '{"id":1664570707648,"name":"Liam - 64"}',
  groups: [Object: null prototype] { name: 'Liam ' }
]
[
  ':"Liam ',
  'Liam ',
  index: 26,
  input: '{"id":1664570707649,"name":"Liam - 65"}',
  groups: [Object: null prototype] { name: 'Liam ' }
]
[
  ':"Liam ',
  'Liam ',
  index: 26,
  input: '{"id":1664570707650,"name":"Liam - 66"}',
  groups: [Object: null prototype] { name: 'Liam ' }
]
[
  ':"Liam ',
  'Liam ',
  index: 26,
  input: '{"id":1664570707651,"name":"Liam - 67"}',
  groups: [Object: null prototype] { name: 'Liam ' }
]
[
  ':"Liam ',
  'Liam ',
  index: 26,
  input: '{"id":1664570707652,"name":"Liam - 68"}',
  groups: [Object: null prototype] { name: 'Liam ' }
]
[
  ':"Liam ',
  'Liam ',
  index: 26,
  input: '{"id":1664570707653,"name":"Liam - 69"}',
  groups: [Object: null prototype] { name: 'Liam ' }
]
[
  ':"Liam ',
  'Liam ',
  index: 26,
  input: '{"id":1664570707655,"name":"Liam - 70"}',
  groups: [Object: null prototype] { name: 'Liam ' }
]
[
  ':"Liam ',
  'Liam ',
  index: 26,
  input: '{"id":1664570707656,"name":"Liam - 71"}',
  groups: [Object: null prototype] { name: 'Liam ' }
]
[
  ':"Liam ',
  'Liam ',
  index: 26,
  input: '{"id":1664570707657,"name":"Liam - 72"}',
  groups: [Object: null prototype] { name: 'Liam ' }
]
[
  ':"Liam ',
  'Liam ',
  index: 26,
  input: '{"id":1664570707658,"name":"Liam - 73"}',
  groups: [Object: null prototype] { name: 'Liam ' }
]
[
  ':"Liam ',
  'Liam ',
  index: 26,
  input: '{"id":1664570707659,"name":"Liam - 74"}',
  groups: [Object: null prototype] { name: 'Liam ' }
]
[
  ':"Liam ',
  'Liam ',
  index: 26,
  input: '{"id":1664570707660,"name":"Liam - 75"}',
  groups: [Object: null prototype] { name: 'Liam ' }
]
[
  ':"Liam ',
  'Liam ',
  index: 26,
  input: '{"id":1664570707661,"name":"Liam - 76"}',
  groups: [Object: null prototype] { name: 'Liam ' }
]
[
  ':"Liam ',
  'Liam ',
  index: 26,
  input: '{"id":1664570707662,"name":"Liam - 77"}',
  groups: [Object: null prototype] { name: 'Liam ' }
]
[
  ':"Liam ',
  'Liam ',
  index: 26,
  input: '{"id":1664570707663,"name":"Liam - 78"}',
  groups: [Object: null prototype] { name: 'Liam ' }
]
[
  ':"Liam ',
  'Liam ',
  index: 26,
  input: '{"id":1664570707664,"name":"Liam - 79"}',
  groups: [Object: null prototype] { name: 'Liam ' }
]
[
  ':"Liam ',
  'Liam ',
  index: 26,
  input: '{"id":1664570707665,"name":"Liam - 80"}',
  groups: [Object: null prototype] { name: 'Liam ' }
]
[
  ':"Liam ',
  'Liam ',
  index: 26,
  input: '{"id":1664570707666,"name":"Liam - 81"}',
  groups: [Object: null prototype] { name: 'Liam ' }
]
[
  ':"Liam ',
  'Liam ',
  index: 26,
  input: '{"id":1664570707667,"name":"Liam - 82"}',
  groups: [Object: null prototype] { name: 'Liam ' }
]
[
  ':"Liam ',
  'Liam ',
  index: 26,
  input: '{"id":1664570707668,"name":"Liam - 83"}',
  groups: [Object: null prototype] { name: 'Liam ' }
]
[
  ':"Liam ',
  'Liam ',
  index: 26,
  input: '{"id":1664570707669,"name":"Liam - 84"}',
  groups: [Object: null prototype] { name: 'Liam ' }
]
[
  ':"Liam ',
  'Liam ',
  index: 26,
  input: '{"id":1664570707670,"name":"Liam - 85"}',
  groups: [Object: null prototype] { name: 'Liam ' }
]
[
  ':"Liam ',
  'Liam ',
  index: 26,
  input: '{"id":1664570707671,"name":"Liam - 86"}',
  groups: [Object: null prototype] { name: 'Liam ' }
]
[
  ':"Liam ',
  'Liam ',
  index: 26,
  input: '{"id":1664570707672,"name":"Liam - 87"}',
  groups: [Object: null prototype] { name: 'Liam ' }
]
[
  ':"Liam ',
  'Liam ',
  index: 26,
  input: '{"id":1664570707674,"name":"Liam - 88"}',
  groups: [Object: null prototype] { name: 'Liam ' }
]
[
  ':"Liam ',
  'Liam ',
  index: 26,
  input: '{"id":1664570707675,"name":"Liam - 89"}',
  groups: [Object: null prototype] { name: 'Liam ' }
]
[
  ':"Liam ',
  'Liam ',
  index: 26,
  input: '{"id":1664570707676,"name":"Liam - 90"}',
  groups: [Object: null prototype] { name: 'Liam ' }
]
[
  ':"Liam ',
  'Liam ',
  index: 26,
  input: '{"id":1664570707677,"name":"Liam - 91"}',
  groups: [Object: null prototype] { name: 'Liam ' }
]
